<?xml version="1.0" encoding="UTF-8"?>
<testng-results skipped="0" failed="0" total="1" passed="1">
  <reporter-output>
  </reporter-output>
  <suite name="Suite" duration-ms="17550" started-at="2019-03-14T07:05:49Z" finished-at="2019-03-14T07:06:07Z">
    <groups>
    </groups>
    <test name="Test" duration-ms="17550" started-at="2019-03-14T07:05:49Z" finished-at="2019-03-14T07:06:07Z">
      <class name="com.testcase.banjitestcase">
        <test-method status="PASS" signature="openfire()[pri:0, instance:com.testcase.banjitestcase@52d455b8]" name="openfire" is-config="true" duration-ms="3121" started-at="2019-03-14T15:05:49Z" finished-at="2019-03-14T15:05:53Z">
          <reporter-output>
          </reporter-output>
        </test-method> <!-- openfire -->
        <test-method status="PASS" signature="banji()[pri:0, instance:com.testcase.banjitestcase@52d455b8]" name="banji" duration-ms="14414" started-at="2019-03-14T15:05:53Z" finished-at="2019-03-14T15:06:07Z">
          <reporter-output>
          </reporter-output>
        </test-method> <!-- banji -->
        <test-method status="PASS" signature="u()[pri:0, instance:com.testcase.banjitestcase@52d455b8]" name="u" is-config="true" duration-ms="0" started-at="2019-03-14T15:06:07Z" finished-at="2019-03-14T15:06:07Z">
          <reporter-output>
          </reporter-output>
        </test-method> <!-- u -->
      </class> <!-- com.testcase.banjitestcase -->
    </test> <!-- Test -->
  </suite> <!-- Suite -->
</testng-results>
