<?xml version="1.0" encoding="UTF-8"?>
<testng-results skipped="0" failed="0" total="1" passed="1">
  <reporter-output>
  </reporter-output>
  <suite name="Suite" duration-ms="16979" started-at="2019-03-20T00:58:42Z" finished-at="2019-03-20T00:58:59Z">
    <groups>
    </groups>
    <test name="Test" duration-ms="16979" started-at="2019-03-20T00:58:42Z" finished-at="2019-03-20T00:58:59Z">
      <class name="com.testcase.banjitestcase">
        <test-method status="PASS" signature="openfire()[pri:0, instance:com.testcase.banjitestcase@52d455b8]" name="openfire" is-config="true" duration-ms="2687" started-at="2019-03-20T08:58:42Z" finished-at="2019-03-20T08:58:44Z">
          <reporter-output>
          </reporter-output>
        </test-method> <!-- openfire -->
        <test-method status="PASS" signature="banji()[pri:0, instance:com.testcase.banjitestcase@52d455b8]" name="banji" duration-ms="14284" started-at="2019-03-20T08:58:44Z" finished-at="2019-03-20T08:58:59Z">
          <reporter-output>
          </reporter-output>
        </test-method> <!-- banji -->
        <test-method status="PASS" signature="u()[pri:0, instance:com.testcase.banjitestcase@52d455b8]" name="u" is-config="true" duration-ms="0" started-at="2019-03-20T08:58:59Z" finished-at="2019-03-20T08:58:59Z">
          <reporter-output>
          </reporter-output>
        </test-method> <!-- u -->
      </class> <!-- com.testcase.banjitestcase -->
    </test> <!-- Test -->
  </suite> <!-- Suite -->
</testng-results>
